
=== Tue Sep 17 22:31:19 2019

Packages were changed.
Update Mode: updateDependencies

The following packages were updated:
  com.unity.ide.rider from version 1.0.8 to 1.1.0
  com.unity.ide.vscode from version 1.0.7 to 1.1.0

=== Wed Nov 27 21:09:45 2019

Packages were changed.
Update Mode: updateDependencies

The following packages were updated:
  com.unity.ide.vscode from version 1.1.0 to 1.1.2

=== Fri Apr 15 10:43:36 2022

Packages were changed.
Update Mode: updateDependencies

The following packages were added:
  com.unity.ide.visualstudio@2.0.14
The following packages were updated:
  com.unity.analytics from version 3.3.2 to 3.6.12
  com.unity.collab-proxy from version 1.2.16 to 1.14.15
  com.unity.ext.nunit from version 1.0.0 to 1.0.6
  com.unity.ide.rider from version 1.1.0 to 1.2.1
  com.unity.ide.vscode from version 1.1.4 to 1.2.5
  com.unity.inputsystem from version 1.0.2 to 1.3.0
  com.unity.multiplayer-hlapi from version 1.0.2 to 1.0.8
  com.unity.postprocessing from version 2.1.7 to 2.2.2
  com.unity.purchasing from version 2.0.6 to 4.1.3
  com.unity.recorder from version 2.4.0-preview.1 to 2.5.5
  com.unity.render-pipelines.lightweight from version 6.9.2 to 7.3.1
  com.unity.shadergraph from version 6.9.2 to 7.3.1
  com.unity.test-framework from version 1.0.18 to 1.1.31
  com.unity.textmeshpro from version 2.0.1 to 2.1.4
  com.unity.timeline from version 1.1.0 to 1.2.18
  com.unity.xr.legacyinputhelpers from version 2.0.2 to 2.1.9
The following packages were removed:
  com.unity.package-manager-ui@2.2.0

=== Sat Apr 23 20:17:40 2022

Packages were changed.
Update Mode: updateDependencies

The following packages were updated:
  com.unity.collab-proxy from version 1.14.15 to 1.15.12
  com.unity.ide.rider from version 1.2.1 to 2.0.7
  com.unity.postprocessing from version 2.2.2 to 2.3.0
  com.unity.recorder from version 2.5.5 to 2.5.7
  com.unity.render-pipelines.universal from version 7.7.1 to 10.8.1
  com.unity.shadergraph from version 7.3.1 to 10.8.1
  com.unity.textmeshpro from version 2.1.4 to 3.0.6
  com.unity.timeline from version 1.2.18 to 1.4.8

=== Fri Sep 23 11:54:34 2022

Packages were changed.
Update Mode: updateDependencies

The following packages were updated:
  com.unity.collab-proxy from version 1.15.12 to 1.17.2
  com.unity.ide.rider from version 2.0.7 to 3.0.15
  com.unity.inputsystem from version 1.3.0 to 1.4.1
  com.unity.render-pipelines.universal from version 10.8.1 to 10.10.0
  com.unity.shadergraph from version 10.8.1 to 10.10.0
  com.unity.xr.legacyinputhelpers from version 2.1.9 to 2.1.10
